mode: set
github.com/okneniz/parsec/buffer.go:14.49,15.31 1 1
github.com/okneniz/parsec/buffer.go:15.31,17.3 1 0
github.com/okneniz/parsec/buffer.go:19.2,22.16 3 1
github.com/okneniz/parsec/buffer.go:25.35,27.2 1 0
github.com/okneniz/parsec/buffer.go:29.38,31.2 1 0
github.com/okneniz/parsec/buffer.go:33.44,38.2 4 1
github.com/okneniz/parsec/combinator.go:8.48,9.26 1 0
github.com/okneniz/parsec/combinator.go:9.26,11.3 1 0
github.com/okneniz/parsec/combinator.go:14.67,15.42 1 1
github.com/okneniz/parsec/combinator.go:15.42,17.10 2 1
github.com/okneniz/parsec/combinator.go:17.10,19.4 1 0
github.com/okneniz/parsec/combinator.go:21.3,21.15 1 1
github.com/okneniz/parsec/combinator.go:21.15,23.4 1 1
github.com/okneniz/parsec/combinator.go:25.3,25.24 1 1
github.com/okneniz/parsec/combinator.go:29.61,30.42 1 0
github.com/okneniz/parsec/combinator.go:30.42,34.10 3 0
github.com/okneniz/parsec/combinator.go:34.10,36.4 1 0
github.com/okneniz/parsec/combinator.go:38.3,38.15 1 0
github.com/okneniz/parsec/combinator.go:42.61,43.42 1 0
github.com/okneniz/parsec/combinator.go:43.42,45.9 2 0
github.com/okneniz/parsec/combinator.go:45.9,47.4 1 0
github.com/okneniz/parsec/combinator.go:49.3,49.17 1 0
github.com/okneniz/parsec/combinator.go:53.63,54.42 1 0
github.com/okneniz/parsec/combinator.go:54.42,56.10 2 0
github.com/okneniz/parsec/combinator.go:56.10,58.4 1 0
github.com/okneniz/parsec/combinator.go:60.3,60.15 1 0
github.com/okneniz/parsec/combinator.go:68.19,69.42 1 0
github.com/okneniz/parsec/combinator.go:69.42,71.10 2 0
github.com/okneniz/parsec/combinator.go:71.10,73.4 1 0
github.com/okneniz/parsec/combinator.go:75.3,76.10 2 0
github.com/okneniz/parsec/combinator.go:76.10,78.4 1 0
github.com/okneniz/parsec/combinator.go:80.3,80.38 1 0
github.com/okneniz/parsec/combinator.go:84.61,85.42 1 0
github.com/okneniz/parsec/combinator.go:85.42,87.22 2 0
github.com/okneniz/parsec/combinator.go:87.22,89.4 1 0
github.com/okneniz/parsec/combinator.go:91.3,91.17 1 0
github.com/okneniz/parsec/combinator.go:95.75,96.44 1 0
github.com/okneniz/parsec/combinator.go:96.44,99.24 2 0
github.com/okneniz/parsec/combinator.go:99.24,101.11 2 0
github.com/okneniz/parsec/combinator.go:101.11,103.5 1 0
github.com/okneniz/parsec/combinator.go:105.4,105.30 1 0
github.com/okneniz/parsec/combinator.go:108.3,108.22 1 0
github.com/okneniz/parsec/combinator.go:112.80,113.43 1 0
github.com/okneniz/parsec/combinator.go:113.43,115.9 2 0
github.com/okneniz/parsec/combinator.go:115.9,117.4 1 0
github.com/okneniz/parsec/combinator.go:119.3,119.19 1 0
github.com/okneniz/parsec/combinator.go:123.73,124.44 1 0
github.com/okneniz/parsec/combinator.go:124.44,127.7 2 0
github.com/okneniz/parsec/combinator.go:127.7,129.11 2 0
github.com/okneniz/parsec/combinator.go:129.11,130.10 1 0
github.com/okneniz/parsec/combinator.go:133.4,133.30 1 0
github.com/okneniz/parsec/combinator.go:136.3,136.22 1 0
github.com/okneniz/parsec/combinator.go:140.73,141.44 1 0
github.com/okneniz/parsec/combinator.go:141.44,145.10 3 0
github.com/okneniz/parsec/combinator.go:145.10,147.4 1 0
github.com/okneniz/parsec/combinator.go:148.3,148.17 1 0
github.com/okneniz/parsec/combinator.go:148.17,150.4 1 0
github.com/okneniz/parsec/combinator.go:152.3,152.20 1 0
github.com/okneniz/parsec/combinator.go:160.20,161.42 1 0
github.com/okneniz/parsec/combinator.go:161.42,163.10 2 0
github.com/okneniz/parsec/combinator.go:163.10,165.4 1 0
github.com/okneniz/parsec/combinator.go:167.3,168.10 2 0
github.com/okneniz/parsec/combinator.go:168.10,170.4 1 0
github.com/okneniz/parsec/combinator.go:172.3,172.39 1 0
github.com/okneniz/parsec/combinator.go:180.20,182.2 1 0
github.com/okneniz/parsec/combinator.go:189.20,190.42 1 0
github.com/okneniz/parsec/combinator.go:190.42,192.10 2 0
github.com/okneniz/parsec/combinator.go:192.10,194.4 1 0
github.com/okneniz/parsec/combinator.go:196.3,197.10 2 0
github.com/okneniz/parsec/combinator.go:197.10,199.4 1 0
github.com/okneniz/parsec/combinator.go:201.3,202.10 2 0
github.com/okneniz/parsec/combinator.go:202.10,204.4 1 0
github.com/okneniz/parsec/combinator.go:206.3,206.45 1 0
github.com/okneniz/parsec/parsec.go:3.78,5.8 2 1
github.com/okneniz/parsec/parsec.go:5.8,7.3 1 1
github.com/okneniz/parsec/parsec.go:9.2,9.23 1 1
github.com/okneniz/parsec/parsec.go:12.74,15.2 2 1
