mode: set
github.com/okneniz/parsec/combinator.go:12.78,14.8 2 1
github.com/okneniz/parsec/combinator.go:14.8,16.3 1 1
github.com/okneniz/parsec/combinator.go:18.2,18.23 1 1
github.com/okneniz/parsec/combinator.go:28.49,29.31 1 1
github.com/okneniz/parsec/combinator.go:29.31,31.3 1 0
github.com/okneniz/parsec/combinator.go:33.2,36.16 3 1
github.com/okneniz/parsec/combinator.go:39.35,41.2 1 0
github.com/okneniz/parsec/combinator.go:43.38,45.2 1 0
github.com/okneniz/parsec/combinator.go:47.44,52.2 4 1
github.com/okneniz/parsec/combinator.go:54.74,57.2 2 1
github.com/okneniz/parsec/combinator.go:65.67,66.42 1 1
github.com/okneniz/parsec/combinator.go:66.42,68.10 2 1
github.com/okneniz/parsec/combinator.go:68.10,70.4 1 0
github.com/okneniz/parsec/combinator.go:72.3,72.15 1 1
github.com/okneniz/parsec/combinator.go:72.15,74.4 1 1
github.com/okneniz/parsec/combinator.go:76.3,76.24 1 1
github.com/okneniz/parsec/combinator.go:80.61,81.42 1 0
github.com/okneniz/parsec/combinator.go:81.42,85.10 3 0
github.com/okneniz/parsec/combinator.go:85.10,87.4 1 0
github.com/okneniz/parsec/combinator.go:89.3,89.15 1 0
github.com/okneniz/parsec/combinator.go:93.61,94.42 1 0
github.com/okneniz/parsec/combinator.go:94.42,96.9 2 0
github.com/okneniz/parsec/combinator.go:96.9,98.4 1 0
github.com/okneniz/parsec/combinator.go:100.3,100.17 1 0
github.com/okneniz/parsec/combinator.go:104.63,105.42 1 0
github.com/okneniz/parsec/combinator.go:105.42,107.10 2 0
github.com/okneniz/parsec/combinator.go:107.10,109.4 1 0
github.com/okneniz/parsec/combinator.go:111.3,111.15 1 0
github.com/okneniz/parsec/combinator.go:119.19,120.42 1 0
github.com/okneniz/parsec/combinator.go:120.42,122.10 2 0
github.com/okneniz/parsec/combinator.go:122.10,124.4 1 0
github.com/okneniz/parsec/combinator.go:126.3,127.10 2 0
github.com/okneniz/parsec/combinator.go:127.10,129.4 1 0
github.com/okneniz/parsec/combinator.go:131.3,131.38 1 0
github.com/okneniz/parsec/combinator.go:135.61,136.42 1 0
github.com/okneniz/parsec/combinator.go:136.42,138.22 2 0
github.com/okneniz/parsec/combinator.go:138.22,140.4 1 0
github.com/okneniz/parsec/combinator.go:142.3,142.17 1 0
github.com/okneniz/parsec/combinator.go:146.75,147.44 1 0
github.com/okneniz/parsec/combinator.go:147.44,150.24 2 0
github.com/okneniz/parsec/combinator.go:150.24,152.11 2 0
github.com/okneniz/parsec/combinator.go:152.11,154.5 1 0
github.com/okneniz/parsec/combinator.go:156.4,156.30 1 0
github.com/okneniz/parsec/combinator.go:159.3,159.22 1 0
github.com/okneniz/parsec/combinator.go:163.80,164.43 1 0
github.com/okneniz/parsec/combinator.go:164.43,166.9 2 0
github.com/okneniz/parsec/combinator.go:166.9,168.4 1 0
github.com/okneniz/parsec/combinator.go:170.3,170.19 1 0
github.com/okneniz/parsec/combinator.go:174.73,175.44 1 0
github.com/okneniz/parsec/combinator.go:175.44,178.7 2 0
github.com/okneniz/parsec/combinator.go:178.7,180.11 2 0
github.com/okneniz/parsec/combinator.go:180.11,181.10 1 0
github.com/okneniz/parsec/combinator.go:184.4,184.30 1 0
github.com/okneniz/parsec/combinator.go:187.3,187.22 1 0
github.com/okneniz/parsec/combinator.go:191.73,192.44 1 0
github.com/okneniz/parsec/combinator.go:192.44,196.10 3 0
github.com/okneniz/parsec/combinator.go:196.10,198.4 1 0
github.com/okneniz/parsec/combinator.go:199.3,199.17 1 0
github.com/okneniz/parsec/combinator.go:199.17,201.4 1 0
github.com/okneniz/parsec/combinator.go:203.3,203.20 1 0
github.com/okneniz/parsec/combinator.go:211.20,212.42 1 0
github.com/okneniz/parsec/combinator.go:212.42,214.10 2 0
github.com/okneniz/parsec/combinator.go:214.10,216.4 1 0
github.com/okneniz/parsec/combinator.go:218.3,219.10 2 0
github.com/okneniz/parsec/combinator.go:219.10,221.4 1 0
github.com/okneniz/parsec/combinator.go:223.3,223.39 1 0
github.com/okneniz/parsec/combinator.go:227.48,228.26 1 0
github.com/okneniz/parsec/combinator.go:228.26,230.3 1 0
github.com/okneniz/parsec/combinator.go:237.20,239.2 1 0
github.com/okneniz/parsec/combinator.go:248.20,249.42 1 0
github.com/okneniz/parsec/combinator.go:249.42,251.10 2 0
github.com/okneniz/parsec/combinator.go:251.10,253.4 1 0
github.com/okneniz/parsec/combinator.go:255.3,256.10 2 0
github.com/okneniz/parsec/combinator.go:256.10,258.4 1 0
github.com/okneniz/parsec/combinator.go:260.3,261.10 2 0
github.com/okneniz/parsec/combinator.go:261.10,263.4 1 0
github.com/okneniz/parsec/combinator.go:265.3,265.45 1 0
